+---------------------------------------------+
| Injection file ready at .klyd/injection.txt |
+---------------------------------------------+
Error extracting commit:
Traceback (most recent call last):
  File "C:\Users\balaj\AppData\Local\Programs\Python\Python311\Lib\site-packages\klyd\cli.py", line 181, in extract_commit
    diff = subprocess.check_output(['git', 'diff', 'HEAD~1', 'HEAD'], text=True)
           ^^^^^^^^^^^^^^^^^^^^^^^^^^^^^^^^^^^^^^^^^^^^^^^^^^^^^^^^^^^^^^^^^^^^^
  File "C:\Users\balaj\AppData\Local\Programs\Python\Python311\Lib\subprocess.py", line 466, in check_output
    return run(*popenargs, stdout=PIPE, timeout=timeout, check=True,
           ^^^^^^^^^^^^^^^^^^^^^^^^^^^^^^^^^^^^^^^^^^^^^^^^^^^^^^^^^
  File "C:\Users\balaj\AppData\Local\Programs\Python\Python311\Lib\subprocess.py", line 550, in run
    stdout, stderr = process.communicate(input, timeout=timeout)
                     ^^^^^^^^^^^^^^^^^^^^^^^^^^^^^^^^^^^^^^^^^^^
  File "C:\Users\balaj\AppData\Local\Programs\Python\Python311\Lib\subprocess.py", line 1196, in communicate
    stdout = self.stdout.read()
             ^^^^^^^^^^^^^^^^^^
  File "C:\Users\balaj\AppData\Local\Programs\Python\Python311\Lib\encodings\cp1252.py", line 23, in decode
    return codecs.charmap_decode(input,self.errors,decoding_table)[0]
           ^^^^^^^^^^^^^^^^^^^^^^^^^^^^^^^^^^^^^^^^^^^^^^^^^^^^^^^
UnicodeDecodeError: 'charmap' codec can't decode byte 0x90 in position 464: character maps to <undefined>

